<?xml version="1.0" encoding="UTF-8"?>
<!-- Generated by org.testng.reporters.JUnitReportReporter -->
<testsuite hostname="AMIR" name="com.test.qa.tests.gitHubTest" tests="2" failures="0" timestamp="23 May 2018 10:11:30 GMT" time="15.922" errors="0">
  <testcase name="testCompareStars" time="7.916" classname="com.test.qa.tests.gitHubTest"/>
  <testcase name="testCompareUserNameAndProgrammingLanguage" time="8.006" classname="com.test.qa.tests.gitHubTest"/>
</testsuite> <!-- com.test.qa.tests.gitHubTest -->
